# JRE version: Java(TM) SE Runtime Environment (17.0.11+7) (build 17.0.11+7-LTS-207)
# Java VM: Java HotSpot(TM) 64-Bit Server VM (17.0.11+7-LTS-207, mixed mode, sharing, tiered, compressed oops, compressed class ptrs, g1 gc, windows-amd64)
GC Precious Log:
 CPUs: 4 total, 4 available
 Memory: 4011M
 Large Page Support: Disabled
 NUMA Support: Disabled
 Compressed Oops: Enabled (32-bit)
 Heap Region Size: 1M
 Heap Min Capacity: 8M
 Heap Initial Capacity: 64M
 Heap Max Capacity: 1004M
 Pre-touch: Disabled
 Parallel Workers: 4
 Concurrent Workers: 1
 Concurrent Refinement Workers: 4
 Periodic GC: Disabled
Heap:
 garbage-first heap   total 189440K, used 120145K [0x00000000c1400000, 0x0000000100000000)
  region size 1024K, 4 young (4096K), 1 survivors (1024K)
 Metaspace       used 18693K, committed 18944K, reserved 1114112K
  class space    used 2129K, committed 2240K, reserved 1048576K
GC Heap History (20 events):
Event: 31.471 GC heap before
{Heap before GC invocations=18 (full 0):
 garbage-first heap   total 124928K, used 73005K [0x00000000c1400000, 0x0000000100000000)
  region size 1024K, 4 young (4096K), 1 survivors (1024K)
 Metaspace       used 18688K, committed 18880K, reserved 1114112K
  class space    used 2128K, committed 2240K, reserved 1048576K
}
Event: 31.472 GC heap after
{Heap after GC invocations=19 (full 0):
 garbage-first heap   total 124928K, used 70969K [0x00000000c1400000, 0x0000000100000000)
  region size 1024K, 1 young (1024K), 1 survivors (1024K)
 Metaspace       used 18688K, committed 18880K, reserved 1114112K
  class space    used 2128K, committed 2240K, reserved 1048576K
}
Event: 31.548 GC heap before
{Heap before GC invocations=20 (full 0):
 garbage-first heap   total 132096K, used 77113K [0x00000000c1400000, 0x0000000100000000)
  region size 1024K, 5 young (5120K), 1 survivors (1024K)
 Metaspace       used 18688K, committed 18880K, reserved 1114112K
  class space    used 2128K, committed 2240K, reserved 1048576K
}
Event: 31.549 GC heap after
{Heap after GC invocations=21 (full 0):
 garbage-first heap   total 132096K, used 74039K [0x00000000c1400000, 0x0000000100000000)
  region size 1024K, 1 young (1024K), 1 survivors (1024K)
 Metaspace       used 18688K, committed 18880K, reserved 1114112K
  class space    used 2128K, committed 2240K, reserved 1048576K
}
Event: 31.925 GC heap before
{Heap before GC invocations=22 (full 0):
 garbage-first heap   total 147456K, used 98615K [0x00000000c1400000, 0x0000000100000000)
  region size 1024K, 16 young (16384K), 1 survivors (1024K)
 Metaspace       used 18688K, committed 18880K, reserved 1114112K
  class space    used 2128K, committed 2240K, reserved 1048576K
}
Event: 31.927 GC heap after
{Heap after GC invocations=23 (full 0):
 garbage-first heap   total 147456K, used 85311K [0x00000000c1400000, 0x0000000100000000)
  region size 1024K, 1 young (1024K), 1 survivors (1024K)
 Metaspace       used 18688K, committed 18880K, reserved 1114112K
  class space    used 2128K, committed 2240K, reserved 1048576K
}
Event: 32.274 GC heap before
{Heap before GC invocations=24 (full 0):
 garbage-first heap   total 147456K, used 91455K [0x00000000c1400000, 0x0000000100000000)
  region size 1024K, 5 young (5120K), 1 survivors (1024K)
 Metaspace       used 18688K, committed 18880K, reserved 1114112K
  class space    used 2128K, committed 2240K, reserved 1048576K
}
Event: 32.275 GC heap after
{Heap after GC invocations=25 (full 0):
 garbage-first heap   total 147456K, used 88379K [0x00000000c1400000, 0x0000000100000000)
  region size 1024K, 1 young (1024K), 1 survivors (1024K)
 Metaspace       used 18688K, committed 18880K, reserved 1114112K
  class space    used 2128K, committed 2240K, reserved 1048576K
}
Event: 32.394 GC heap before
{Heap before GC invocations=26 (full 0):
 garbage-first heap   total 157696K, used 95547K [0x00000000c1400000, 0x0000000100000000)
  region size 1024K, 6 young (6144K), 1 survivors (1024K)
 Metaspace       used 18688K, committed 18880K, reserved 1114112K
  class space    used 2128K, committed 2240K, reserved 1048576K
}
Event: 32.396 GC heap after
{Heap after GC invocations=27 (full 0):
 garbage-first heap   total 157696K, used 91467K [0x00000000c1400000, 0x0000000100000000)
  region size 1024K, 1 young (1024K), 1 survivors (1024K)
 Metaspace       used 18688K, committed 18880K, reserved 1114112K
  class space    used 2128K, committed 2240K, reserved 1048576K
}
Event: 32.508 GC heap before
{Heap before GC invocations=28 (full 0):
 garbage-first heap   total 162816K, used 99659K [0x00000000c1400000, 0x0000000100000000)
  region size 1024K, 7 young (7168K), 1 survivors (1024K)
 Metaspace       used 18693K, committed 18944K, reserved 1114112K
  class space    used 2129K, committed 2240K, reserved 1048576K
}
Event: 32.509 GC heap after
{Heap after GC invocations=29 (full 0):
 garbage-first heap   total 162816K, used 94527K [0x00000000c1400000, 0x0000000100000000)
  region size 1024K, 1 young (1024K), 1 survivors (1024K)
 Metaspace       used 18693K, committed 18944K, reserved 1114112K
  class space    used 2129K, committed 2240K, reserved 1048576K
}
Event: 32.545 GC heap before
{Heap before GC invocations=30 (full 0):
 garbage-first heap   total 165888K, used 98623K [0x00000000c1400000, 0x0000000100000000)
  region size 1024K, 4 young (4096K), 1 survivors (1024K)
 Metaspace       used 18693K, committed 18944K, reserved 1114112K
  class space    used 2129K, committed 2240K, reserved 1048576K
}
Event: 32.547 GC heap after
{Heap after GC invocations=31 (full 0):
 garbage-first heap   total 165888K, used 96584K [0x00000000c1400000, 0x0000000100000000)
  region size 1024K, 1 young (1024K), 1 survivors (1024K)
 Metaspace       used 18693K, committed 18944K, reserved 1114112K
  class space    used 2129K, committed 2240K, reserved 1048576K
}
Event: 32.586 GC heap before
{Heap before GC invocations=32 (full 0):
 garbage-first heap   total 171008K, used 102728K [0x00000000c1400000, 0x0000000100000000)
  region size 1024K, 5 young (5120K), 1 survivors (1024K)
 Metaspace       used 18693K, committed 18944K, reserved 1114112K
  class space    used 2129K, committed 2240K, reserved 1048576K
}
Event: 32.587 GC heap after
{Heap after GC invocations=33 (full 0):
 garbage-first heap   total 171008K, used 99659K [0x00000000c1400000, 0x0000000100000000)
  region size 1024K, 1 young (1024K), 1 survivors (1024K)
 Metaspace       used 18693K, committed 18944K, reserved 1114112K
  class space    used 2129K, committed 2240K, reserved 1048576K
}
Event: 32.647 GC heap before
{Heap before GC invocations=34 (full 0):
 garbage-first heap   total 188416K, used 116043K [0x00000000c1400000, 0x0000000100000000)
  region size 1024K, 10 young (10240K), 1 survivors (1024K)
 Metaspace       used 18693K, committed 18944K, reserved 1114112K
  class space    used 2129K, committed 2240K, reserved 1048576K
}
Event: 32.649 GC heap after
{Heap after GC invocations=35 (full 0):
 garbage-first heap   total 188416K, used 107854K [0x00000000c1400000, 0x0000000100000000)
  region size 1024K, 1 young (1024K), 1 survivors (1024K)
 Metaspace       used 18693K, committed 18944K, reserved 1114112K
  class space    used 2129K, committed 2240K, reserved 1048576K
}
Event: 32.711 GC heap before
{Heap before GC invocations=36 (full 0):
 garbage-first heap   total 189440K, used 112974K [0x00000000c1400000, 0x0000000100000000)
  region size 1024K, 4 young (4096K), 1 survivors (1024K)
 Metaspace       used 18693K, committed 18944K, reserved 1114112K
  class space    used 2129K, committed 2240K, reserved 1048576K
}
Event: 32.713 GC heap after
{Heap after GC invocations=37 (full 0):
 garbage-first heap   total 189440K, used 110929K [0x00000000c1400000, 0x0000000100000000)
  region size 1024K, 1 young (1024K), 1 survivors (1024K)
 Metaspace       used 18693K, committed 18944K, reserved 1114112K
  class space    used 2129K, committed 2240K, reserved 1048576K
}

